<?xml version="1.0" encoding="UTF-8"?>
<testsuite xmlns:xsi="http://www.w3.org/2001/XMLSchema-instance" xsi:noNamespaceSchemaLocation="https://maven.apache.org/surefire/maven-surefire-plugin/xsd/surefire-test-report.xsd" version="3.0.2" name="com.example.bioskopserver.repository.MovieRepositoryTest" time="12.215" tests="4" errors="0" skipped="0" failures="0">
  <properties>
[...]
</properties>
  <testcase name="testDeleteMovie" classname="com.example.bioskopserver.repository.MovieRepositoryTest" time="0.983">
    <system-out><![CDATA[
  .   ____          _            __ _ _
 /\\ / ___'_ __ _ _(_)_ __  __ _ \ \ \ \
( ( )\___ | '_ | '_| | '_ \/ _` | \ \ \ \
 \\/  ___)| |_)| | | | | || (_| |  ) ) ) )
  '  |____| .__|_| |_|_| |_\__, | / / / /
 =========|_|==============|___/=/_/_/_/

 :: Spring Boot ::             (v4.1.0-M2)

2026-04-20T03:18:01.769+02:00  INFO 8012 --- [           main] c.e.b.repository.MovieRepositoryTest     : Starting MovieRepositoryTest using Java 19.0.1 with PID 8012 (started by MNG in C:\Users\MNG\OneDrive\Desktop\projekat\BioskopServerProject)
2026-04-20T03:18:01.778+02:00  INFO 8012 --- [           main] c.e.b.repository.MovieRepositoryTest     : No active profile set, falling back to 1 default profile: "default"
2026-04-20T03:18:03.388+02:00  INFO 8012 --- [           main] .s.d.r.c.RepositoryConfigurationDelegate : Bootstrapping Spring Data JPA repositories in DEFAULT mode.
2026-04-20T03:18:03.567+02:00  INFO 8012 --- [           main] .s.d.r.c.RepositoryConfigurationDelegate : Finished Spring Data repository scanning in 150 ms. Found 6 JPA repository interfaces.
2026-04-20T03:18:04.748+02:00  INFO 8012 --- [           main] org.hibernate.orm.jpa                    : HHH008540: Processing PersistenceUnitInfo [name: default]
2026-04-20T03:18:04.861+02:00  INFO 8012 --- [           main] org.hibernate.orm.core                   : HHH000001: Hibernate ORM core version 7.2.4.Final
2026-04-20T03:18:06.126+02:00  INFO 8012 --- [           main] o.s.o.j.p.SpringPersistenceUnitInfo      : No LoadTimeWeaver setup: ignoring JPA class transformer
2026-04-20T03:18:06.212+02:00  INFO 8012 --- [           main] com.zaxxer.hikari.HikariDataSource       : HikariPool-1 - Starting...
2026-04-20T03:18:06.606+02:00  INFO 8012 --- [           main] com.zaxxer.hikari.pool.HikariPool        : HikariPool-1 - Added connection com.mysql.cj.jdbc.ConnectionImpl@4d0b276e
2026-04-20T03:18:06.612+02:00  INFO 8012 --- [           main] com.zaxxer.hikari.HikariDataSource       : HikariPool-1 - Start completed.
2026-04-20T03:18:06.705+02:00  WARN 8012 --- [           main] org.hibernate.orm.core                   : HHH000511: The 5.5.5 version for [org.hibernate.dialect.MySQLDialect] is no longer supported, hence certain features may not work properly.The minimum supported version is 8.0.0. Check the community dialects project for available legacy versions.
2026-04-20T03:18:06.712+02:00  WARN 8012 --- [           main] org.hibernate.orm.deprecation            : HHH90000025: MySQLDialect does not need to be specified explicitly using 'hibernate.dialect' (remove the property setting and it will be selected by default)
2026-04-20T03:18:06.749+02:00  INFO 8012 --- [           main] org.hibernate.orm.connections.pooling    : HHH10001005: Database info:
	Database JDBC URL [jdbc:mysql://localhost:3306/bioskop]
	Database driver: MySQL Connector/J
	Database dialect: MySQLDialect
	Database version: 5.5.5
	Default catalog/schema: bioskop/undefined
	Autocommit mode: undefined/unknown
	Isolation level: REPEATABLE_READ [default REPEATABLE_READ]
	JDBC fetch size: none
	Pool: DataSourceConnectionProvider
	Minimum pool size: undefined/unknown
	Maximum pool size: undefined/unknown
2026-04-20T03:18:08.334+02:00  INFO 8012 --- [           main] org.hibernate.orm.core                   : HHH000489: No JTA platform available (set 'hibernate.transaction.jta.platform' to enable JTA platform integration)
2026-04-20T03:18:08.716+02:00  INFO 8012 --- [           main] j.LocalContainerEntityManagerFactoryBean : Initialized JPA EntityManagerFactory for persistence unit 'default'
2026-04-20T03:18:08.879+02:00  INFO 8012 --- [           main] o.s.d.j.r.query.QueryEnhancerFactories   : Hibernate is in classpath; If applicable, HQL parser will be used.
2026-04-20T03:18:09.566+02:00  WARN 8012 --- [           main] JpaBaseConfiguration$JpaWebConfiguration : spring.jpa.open-in-view is enabled by default. Therefore, database queries may be performed during view rendering. Explicitly configure spring.jpa.open-in-view to disable this warning
2026-04-20T03:18:09.842+02:00  WARN 8012 --- [           main] .s.a.UserDetailsServiceAutoConfiguration : 

Using generated security password: e757f328-2bf7-4a2d-8a9a-769c20b58e4b

This generated password is for development use only. Your security configuration must be updated before running your application in production.

2026-04-20T03:18:09.864+02:00  INFO 8012 --- [           main] r$InitializeUserDetailsManagerConfigurer : Global AuthenticationManager configured with UserDetailsService bean with name inMemoryUserDetailsManager
2026-04-20T03:18:11.054+02:00  INFO 8012 --- [           main] c.e.b.repository.MovieRepositoryTest     : Started MovieRepositoryTest in 9.891 seconds (process running for 12.223)
Hibernate: insert into film (opis,reziser,zanr,naziv) values (?,?,?,?)
Hibernate: insert into film (opis,reziser,zanr,naziv) values (?,?,?,?)
Hibernate: select m1_0.filmid,m1_0.opis,m1_0.reziser,m1_0.zanr,m1_0.naziv from film m1_0 where m1_0.filmid=?
Hibernate: delete from film where filmid=?
Hibernate: select m1_0.filmid,m1_0.opis,m1_0.reziser,m1_0.zanr,m1_0.naziv from film m1_0 where m1_0.filmid=?
Hibernate: select m1_0.filmid,m1_0.opis,m1_0.reziser,m1_0.zanr,m1_0.naziv from film m1_0 where m1_0.filmid=?
Hibernate: delete from film where filmid=?
]]></system-out>
  </testcase>
  <testcase name="testFindAll" classname="com.example.bioskopserver.repository.MovieRepositoryTest" time="0.252">
    <system-out><![CDATA[Hibernate: insert into film (opis,reziser,zanr,naziv) values (?,?,?,?)
Hibernate: select m1_0.filmid,m1_0.opis,m1_0.reziser,m1_0.zanr,m1_0.naziv from film m1_0
Hibernate: select m1_0.filmid,m1_0.opis,m1_0.reziser,m1_0.zanr,m1_0.naziv from film m1_0 where m1_0.filmid=?
Hibernate: delete from film where filmid=?
]]></system-out>
  </testcase>
  <testcase name="testFindById" classname="com.example.bioskopserver.repository.MovieRepositoryTest" time="0.03">
    <system-out><![CDATA[Hibernate: insert into film (opis,reziser,zanr,naziv) values (?,?,?,?)
Hibernate: select m1_0.filmid,m1_0.opis,m1_0.reziser,m1_0.zanr,m1_0.naziv from film m1_0 where m1_0.filmid=?
Hibernate: select m1_0.filmid,m1_0.opis,m1_0.reziser,m1_0.zanr,m1_0.naziv from film m1_0 where m1_0.filmid=?
Hibernate: delete from film where filmid=?
]]></system-out>
  </testcase>
  <testcase name="testSaveMovie" classname="com.example.bioskopserver.repository.MovieRepositoryTest" time="0.025">
    <system-out><![CDATA[Hibernate: insert into film (opis,reziser,zanr,naziv) values (?,?,?,?)
Hibernate: select m1_0.filmid,m1_0.opis,m1_0.reziser,m1_0.zanr,m1_0.naziv from film m1_0 where m1_0.filmid=?
Hibernate: delete from film where filmid=?
]]></system-out>
  </testcase>
</testsuite>